time=2026-04-04T17:58:17.628Z level=INFO msg="waiting for signals" argo=true signalPath=/var/run/argo/ctr/main/signal
{"level":"info","ts":1775325497.6577706,"caller":"app/main.go:54","msg":"build started","build_id":"hostifer-deploy-xqxnm","tenant_id":"nestjs-ea8mg-xpzr9h5","repo":"https://github.com/mikro-orm/nestjs-realworld-example-app","image":"192.168.0.121:32000/nestjs-ea8mg-xpzr9h5:latest"}
{"level":"info","ts":1775325497.6792839,"caller":"app/git.go:54","msg":"Cloning into '/tmp/build'...","build_id":"hostifer-deploy-xqxnm","tenant_id":"nestjs-ea8mg-xpzr9h5","stream":"git"}
{"level":"info","ts":1775325498.8650935,"caller":"app/main.go:65","msg":"clone complete","build_id":"hostifer-deploy-xqxnm","tenant_id":"nestjs-ea8mg-xpzr9h5"}
{"level":"info","ts":1775325502.7799785,"caller":"app/railpack.go:139","msg":"patching railpack plan to run as uid 1000","build_id":"hostifer-deploy-xqxnm","tenant_id":"nestjs-ea8mg-xpzr9h5","stream":"railpack","path":"/tmp/build/railpack-plan.json"}
{"level":"info","ts":1775325502.7802634,"caller":"app/railpack.go:226","msg":"patched railpack plan","build_id":"hostifer-deploy-xqxnm","tenant_id":"nestjs-ea8mg-xpzr9h5","stream":"railpack","path":"/tmp/build/railpack-plan.json"}
{"level":"info","ts":1775325502.7802782,"caller":"app/main.go:73","msg":"framework detected","build_id":"hostifer-deploy-xqxnm","tenant_id":"nestjs-ea8mg-xpzr9h5"}
{"level":"info","ts":1775325502.786481,"caller":"app/buildkit.go:124","msg":"pushing image","build_id":"hostifer-deploy-xqxnm","tenant_id":"nestjs-ea8mg-xpzr9h5","stream":"buildkit","frontend":"ghcr.io/railwayapp/railpack-frontend:v0.18.0","registry":"192.168.0.121:32000","image":"192.168.0.121:32000/nestjs-ea8mg-xpzr9h5:latest"}
{"level":"info","ts":1775325502.7928538,"caller":"app/buildkit.go:62","msg":"▶ resolve image config for docker-image://ghcr.io/railwayapp/railpack-frontend:v0.18.0","build_id":"hostifer-deploy-xqxnm","tenant_id":"nestjs-ea8mg-xpzr9h5","stream":"buildkit","phase":"running"}
{"level":"info","ts":1775325503.5595653,"caller":"app/buildkit.go:62","msg":"▶ resolve image config for docker-image://ghcr.io/railwayapp/railpack-frontend:v0.18.0","build_id":"hostifer-deploy-xqxnm","tenant_id":"nestjs-ea8mg-xpzr9h5","stream":"buildkit","phase":"done"}
{"level":"info","ts":1775325503.560933,"caller":"app/buildkit.go:62","msg":"▶ docker-image://ghcr.io/railwayapp/railpack-frontend:v0.18.0@sha256:b940d7d39a72196ba30bce0c4aa75b4c388359aa0fca5df082279e80039ff1b2","build_id":"hostifer-deploy-xqxnm","tenant_id":"nestjs-ea8mg-xpzr9h5","stream":"buildkit","phase":"pending"}
{"level":"info","ts":1775325503.5609527,"caller":"app/buildkit.go:62","msg":"▶ docker-image://ghcr.io/railwayapp/railpack-frontend:v0.18.0@sha256:b940d7d39a72196ba30bce0c4aa75b4c388359aa0fca5df082279e80039ff1b2","build_id":"hostifer-deploy-xqxnm","tenant_id":"nestjs-ea8mg-xpzr9h5","stream":"buildkit","phase":"running"}
{"level":"info","ts":1775325503.5924907,"caller":"app/buildkit.go:62","msg":"▶ docker-image://ghcr.io/railwayapp/railpack-frontend:v0.18.0@sha256:b940d7d39a72196ba30bce0c4aa75b4c388359aa0fca5df082279e80039ff1b2","build_id":"hostifer-deploy-xqxnm","tenant_id":"nestjs-ea8mg-xpzr9h5","stream":"buildkit","phase":"done"}
{"level":"info","ts":1775325503.7769253,"caller":"app/buildkit.go:62","msg":"▶ load build definition from railpack-plan.json","build_id":"hostifer-deploy-xqxnm","tenant_id":"nestjs-ea8mg-xpzr9h5","stream":"buildkit","phase":"pending"}
{"level":"info","ts":1775325503.7771063,"caller":"app/buildkit.go:62","msg":"▶ load build definition from railpack-plan.json","build_id":"hostifer-deploy-xqxnm","tenant_id":"nestjs-ea8mg-xpzr9h5","stream":"buildkit","phase":"done"}
{"level":"info","ts":1775325503.7773402,"caller":"app/buildkit.go:62","msg":"▶ load build definition from railpack-plan.json","build_id":"hostifer-deploy-xqxnm","tenant_id":"nestjs-ea8mg-xpzr9h5","stream":"buildkit","phase":"running"}
{"level":"info","ts":1775325503.8012698,"caller":"app/buildkit.go:62","msg":"▶ load build definition from railpack-plan.json","build_id":"hostifer-deploy-xqxnm","tenant_id":"nestjs-ea8mg-xpzr9h5","stream":"buildkit","phase":"done"}
{"level":"info","ts":1775325503.8436208,"caller":"app/buildkit.go:62","msg":"▶ copy /root/.local/state/mise","build_id":"hostifer-deploy-xqxnm","tenant_id":"nestjs-ea8mg-xpzr9h5","stream":"buildkit","phase":"pending"}
{"level":"info","ts":1775325503.8436425,"caller":"app/buildkit.go:62","msg":"▶ copy /etc/mise/config.toml","build_id":"hostifer-deploy-xqxnm","tenant_id":"nestjs-ea8mg-xpzr9h5","stream":"buildkit","phase":"pending"}
{"level":"info","ts":1775325503.843654,"caller":"app/buildkit.go:62","msg":"▶ copy /usr/local/bin/mise","build_id":"hostifer-deploy-xqxnm","tenant_id":"nestjs-ea8mg-xpzr9h5","stream":"buildkit","phase":"pending"}
{"level":"info","ts":1775325503.843657,"caller":"app/buildkit.go:62","msg":"▶ copy /mise/installs","build_id":"hostifer-deploy-xqxnm","tenant_id":"nestjs-ea8mg-xpzr9h5","stream":"buildkit","phase":"pending"}
{"level":"info","ts":1775325503.84366,"caller":"app/buildkit.go:62","msg":"▶ copy /mise/shims","build_id":"hostifer-deploy-xqxnm","tenant_id":"nestjs-ea8mg-xpzr9h5","stream":"buildkit","phase":"pending"}
{"level":"info","ts":1775325503.8436625,"caller":"app/buildkit.go:62","msg":"▶ install mise packages: node","build_id":"hostifer-deploy-xqxnm","tenant_id":"nestjs-ea8mg-xpzr9h5","stream":"buildkit","phase":"pending"}
{"level":"info","ts":1775325503.8436687,"caller":"app/buildkit.go:62","msg":"▶ create mise config","build_id":"hostifer-deploy-xqxnm","tenant_id":"nestjs-ea8mg-xpzr9h5","stream":"buildkit","phase":"pending"}
{"level":"info","ts":1775325503.8436713,"caller":"app/buildkit.go:62","msg":"▶ mkdir /etc/mise","build_id":"hostifer-deploy-xqxnm","tenant_id":"nestjs-ea8mg-xpzr9h5","stream":"buildkit","phase":"pending"}
{"level":"info","ts":1775325503.843674,"caller":"app/buildkit.go:62","msg":"▶ docker-image://ghcr.io/railwayapp/railpack-builder:mise-2026.3.17","build_id":"hostifer-deploy-xqxnm","tenant_id":"nestjs-ea8mg-xpzr9h5","stream":"buildkit","phase":"pending"}
{"level":"info","ts":1775325503.8436794,"caller":"app/buildkit.go:62","msg":"▶ install apt packages: libatomic1","build_id":"hostifer-deploy-xqxnm","tenant_id":"nestjs-ea8mg-xpzr9h5","stream":"buildkit","phase":"pending"}
{"level":"info","ts":1775325503.8436823,"caller":"app/buildkit.go:62","msg":"▶ docker-image://ghcr.io/railwayapp/railpack-runtime:mise-2026.3.17","build_id":"hostifer-deploy-xqxnm","tenant_id":"nestjs-ea8mg-xpzr9h5","stream":"buildkit","phase":"pending"}
{"level":"info","ts":1775325503.8460343,"caller":"app/buildkit.go:62","msg":"▶ copy /root/.yarn","build_id":"hostifer-deploy-xqxnm","tenant_id":"nestjs-ea8mg-xpzr9h5","stream":"buildkit","phase":"pending"}
{"level":"info","ts":1775325503.8460505,"caller":"app/buildkit.go:62","msg":"▶ copy /app/.yarn","build_id":"hostifer-deploy-xqxnm","tenant_id":"nestjs-ea8mg-xpzr9h5","stream":"buildkit","phase":"pending"}
{"level":"info","ts":1775325503.8460715,"caller":"app/buildkit.go:62","msg":"▶ yarn install --check-cache","build_id":"hostifer-deploy-xqxnm","tenant_id":"nestjs-ea8mg-xpzr9h5","stream":"buildkit","phase":"pending"}
{"level":"info","ts":1775325503.8460777,"caller":"app/buildkit.go:62","msg":"▶ copy yarn.lock","build_id":"hostifer-deploy-xqxnm","tenant_id":"nestjs-ea8mg-xpzr9h5","stream":"buildkit","phase":"pending"}
{"level":"info","ts":1775325503.8460808,"caller":"app/buildkit.go:62","msg":"▶ [railpack] merge $packages:apt:runtime, $packages:mise, $build, $build","build_id":"hostifer-deploy-xqxnm","tenant_id":"nestjs-ea8mg-xpzr9h5","stream":"buildkit","phase":"pending"}
{"level":"info","ts":1775325503.8460834,"caller":"app/buildkit.go:62","msg":"▶ copy /root/.cache","build_id":"hostifer-deploy-xqxnm","tenant_id":"nestjs-ea8mg-xpzr9h5","stream":"buildkit","phase":"pending"}
{"level":"info","ts":1775325503.8460925,"caller":"app/buildkit.go:62","msg":"▶ copy /opt/corepack","build_id":"hostifer-deploy-xqxnm","tenant_id":"nestjs-ea8mg-xpzr9h5","stream":"buildkit","phase":"pending"}
{"level":"info","ts":1775325503.846095,"caller":"app/buildkit.go:62","msg":"▶ copy .yarnrc.yml","build_id":"hostifer-deploy-xqxnm","tenant_id":"nestjs-ea8mg-xpzr9h5","stream":"buildkit","phase":"pending"}
{"level":"info","ts":1775325503.8460984,"caller":"app/buildkit.go:62","msg":"▶ mkdir -p /app/node_modules/.cache","build_id":"hostifer-deploy-xqxnm","tenant_id":"nestjs-ea8mg-xpzr9h5","stream":"buildkit","phase":"pending"}
{"level":"info","ts":1775325503.846104,"caller":"app/buildkit.go:62","msg":"▶ npm i -g corepack@latest && corepack enable && corepack prepare --activate","build_id":"hostifer-deploy-xqxnm","tenant_id":"nestjs-ea8mg-xpzr9h5","stream":"buildkit","phase":"pending"}
{"level":"info","ts":1775325503.8461068,"caller":"app/buildkit.go:62","msg":"▶ copy package.json","build_id":"hostifer-deploy-xqxnm","tenant_id":"nestjs-ea8mg-xpzr9h5","stream":"buildkit","phase":"pending"}
{"level":"info","ts":1775325503.8461096,"caller":"app/buildkit.go:62","msg":"▶ copy /app/node_modules","build_id":"hostifer-deploy-xqxnm","tenant_id":"nestjs-ea8mg-xpzr9h5","stream":"buildkit","phase":"pending"}
{"level":"info","ts":1775325503.846118,"caller":"app/buildkit.go:62","msg":"▶ copy /app","build_id":"hostifer-deploy-xqxnm","tenant_id":"nestjs-ea8mg-xpzr9h5","stream":"buildkit","phase":"pending"}
{"level":"info","ts":1775325503.8461206,"caller":"app/buildkit.go:62","msg":"▶ copy package.json","build_id":"hostifer-deploy-xqxnm","tenant_id":"nestjs-ea8mg-xpzr9h5","stream":"buildkit","phase":"pending"}
{"level":"info","ts":1775325503.8461232,"caller":"app/buildkit.go:62","msg":"▶ set ownership to uid 1000","build_id":"hostifer-deploy-xqxnm","tenant_id":"nestjs-ea8mg-xpzr9h5","stream":"buildkit","phase":"pending"}
{"level":"info","ts":1775325503.846126,"caller":"app/buildkit.go:62","msg":"▶ loading .","build_id":"hostifer-deploy-xqxnm","tenant_id":"nestjs-ea8mg-xpzr9h5","stream":"buildkit","phase":"pending"}
{"level":"info","ts":1775325503.8461287,"caller":"app/buildkit.go:62","msg":"▶ copy / /app","build_id":"hostifer-deploy-xqxnm","tenant_id":"nestjs-ea8mg-xpzr9h5","stream":"buildkit","phase":"pending"}
{"level":"info","ts":1775325503.8461504,"caller":"app/buildkit.go:62","msg":"▶ loading .","build_id":"hostifer-deploy-xqxnm","tenant_id":"nestjs-ea8mg-xpzr9h5","stream":"buildkit","phase":"done"}
{"level":"info","ts":1775325503.8461535,"caller":"app/buildkit.go:62","msg":"▶ docker-image://ghcr.io/railwayapp/railpack-runtime:mise-2026.3.17","build_id":"hostifer-deploy-xqxnm","tenant_id":"nestjs-ea8mg-xpzr9h5","stream":"buildkit","phase":"running"}
{"level":"info","ts":1775325503.8461564,"caller":"app/buildkit.go:62","msg":"▶ docker-image://ghcr.io/railwayapp/railpack-builder:mise-2026.3.17","build_id":"hostifer-deploy-xqxnm","tenant_id":"nestjs-ea8mg-xpzr9h5","stream":"buildkit","phase":"running"}
{"level":"info","ts":1775325504.4379528,"caller":"app/buildkit.go:62","msg":"▶ docker-image://ghcr.io/railwayapp/railpack-runtime:mise-2026.3.17","build_id":"hostifer-deploy-xqxnm","tenant_id":"nestjs-ea8mg-xpzr9h5","stream":"buildkit","phase":"done"}
{"level":"info","ts":1775325504.5621233,"caller":"app/buildkit.go:62","msg":"▶ docker-image://ghcr.io/railwayapp/railpack-builder:mise-2026.3.17","build_id":"hostifer-deploy-xqxnm","tenant_id":"nestjs-ea8mg-xpzr9h5","stream":"buildkit","phase":"done"}
{"level":"info","ts":1775325504.5649338,"caller":"app/buildkit.go:62","msg":"▶ loading .","build_id":"hostifer-deploy-xqxnm","tenant_id":"nestjs-ea8mg-xpzr9h5","stream":"buildkit","phase":"running"}
{"level":"info","ts":1775325504.598731,"caller":"app/buildkit.go:62","msg":"▶ loading .","build_id":"hostifer-deploy-xqxnm","tenant_id":"nestjs-ea8mg-xpzr9h5","stream":"buildkit","phase":"done"}
{"level":"info","ts":1775325504.6093292,"caller":"app/buildkit.go:62","msg":"▶ copy / /app","build_id":"hostifer-deploy-xqxnm","tenant_id":"nestjs-ea8mg-xpzr9h5","stream":"buildkit","phase":"running"}
{"level":"info","ts":1775325504.6973846,"caller":"app/buildkit.go:62","msg":"▶ copy / /app","build_id":"hostifer-deploy-xqxnm","tenant_id":"nestjs-ea8mg-xpzr9h5","stream":"buildkit","phase":"done"}
{"level":"info","ts":1775325504.70539,"caller":"app/buildkit.go:62","msg":"▶ set ownership to uid 1000","build_id":"hostifer-deploy-xqxnm","tenant_id":"nestjs-ea8mg-xpzr9h5","stream":"buildkit","phase":"running"}
{"level":"info","ts":1775325661.8690345,"caller":"app/buildkit.go:62","msg":"▶ set ownership to uid 1000","build_id":"hostifer-deploy-xqxnm","tenant_id":"nestjs-ea8mg-xpzr9h5","stream":"buildkit","phase":"done"}
{"level":"info","ts":1775325667.9302943,"caller":"app/buildkit.go:62","msg":"▶ copy /app","build_id":"hostifer-deploy-xqxnm","tenant_id":"nestjs-ea8mg-xpzr9h5","stream":"buildkit","phase":"running"}
{"level":"info","ts":1775325668.0008278,"caller":"app/buildkit.go:62","msg":"▶ copy /app","build_id":"hostifer-deploy-xqxnm","tenant_id":"nestjs-ea8mg-xpzr9h5","stream":"buildkit","phase":"done"}
{"level":"info","ts":1775325668.829052,"caller":"app/buildkit.go:62","msg":"▶ copy /opt/corepack","build_id":"hostifer-deploy-xqxnm","tenant_id":"nestjs-ea8mg-xpzr9h5","stream":"buildkit","phase":"running"}
{"level":"info","ts":1775325668.936057,"caller":"app/buildkit.go:62","msg":"▶ copy /opt/corepack","build_id":"hostifer-deploy-xqxnm","tenant_id":"nestjs-ea8mg-xpzr9h5","stream":"buildkit","phase":"done"}
{"level":"info","ts":1775325668.940687,"caller":"app/buildkit.go:62","msg":"▶ [railpack] merge $packages:apt:runtime, $packages:mise, $build, $build","build_id":"hostifer-deploy-xqxnm","tenant_id":"nestjs-ea8mg-xpzr9h5","stream":"buildkit","phase":"running"}
{"level":"info","ts":1775325668.983843,"caller":"app/buildkit.go:62","msg":"▶ [railpack] merge $packages:apt:runtime, $packages:mise, $build, $build","build_id":"hostifer-deploy-xqxnm","tenant_id":"nestjs-ea8mg-xpzr9h5","stream":"buildkit","phase":"done"}
{"level":"info","ts":1775325668.9962423,"caller":"app/buildkit.go:62","msg":"▶ exporting to image","build_id":"hostifer-deploy-xqxnm","tenant_id":"nestjs-ea8mg-xpzr9h5","stream":"buildkit","phase":"running"}
{"level":"info","ts":1775325669.2671523,"caller":"app/buildkit.go:62","msg":"▶ exporting to image","build_id":"hostifer-deploy-xqxnm","tenant_id":"nestjs-ea8mg-xpzr9h5","stream":"buildkit","phase":"done"}
{"level":"info","ts":1775325669.267305,"caller":"app/buildkit.go:62","msg":"▶ exporting to image","build_id":"hostifer-deploy-xqxnm","tenant_id":"nestjs-ea8mg-xpzr9h5","stream":"buildkit","phase":"running"}
{"level":"info","ts":1775325669.417076,"caller":"app/buildkit.go:62","msg":"▶ exporting to image","build_id":"hostifer-deploy-xqxnm","tenant_id":"nestjs-ea8mg-xpzr9h5","stream":"buildkit","phase":"done"}
{"level":"info","ts":1775325669.549913,"caller":"app/main.go:81","msg":"build complete","build_id":"hostifer-deploy-xqxnm","tenant_id":"nestjs-ea8mg-xpzr9h5","image":"192.168.0.121:32000/nestjs-ea8mg-xpzr9h5:latest"}
time=2026-04-04T18:01:09.722Z level=INFO msg="sub-process exited" argo=true error=<nil>
time=2026-04-04T18:01:09.722Z level=INFO msg="file signal handler exiting due to context cancellation" argo=true